0 verbose cli /home/krishna/.nvm/versions/node/v24.1.0/bin/node /home/krishna/.nvm/versions/node/v24.1.0/bin/npm
1 info using npm@11.5.1
2 info using node@v24.1.0
3 silly config load:file:/home/krishna/.nvm/versions/node/v24.1.0/lib/node_modules/npm/npmrc
4 silly config load:file:/home/krishna/quant-genius/server/.npmrc
5 silly config load:file:/home/krishna/.npmrc
6 silly config load:file:/home/krishna/.nvm/versions/node/v24.1.0/etc/npmrc
7 verbose title npm init
8 verbose argv "init" "--yes"
9 verbose logfile logs-max:10 dir:/home/krishna/quant-genius/server/npm-cache/_logs/2025-07-29T11_43_58_682Z-
10 verbose logfile /home/krishna/quant-genius/server/npm-cache/_logs/2025-07-29T11_43_58_682Z-debug-0.log
11 silly logfile done cleaning log files
12 silly package data {
12 silly package data   name: 'server',
12 silly package data   version: '1.0.0',
12 silly package data   description: '',
12 silly package data   main: 'index.js',
12 silly package data   scripts: { test: 'echo "Error: no test specified" && exit 1' },
12 silly package data   keywords: [],
12 silly package data   author: '',
12 silly package data   license: 'ISC',
12 silly package data   type: 'commonjs'
12 silly package data }
13 verbose cwd /home/krishna/quant-genius/server
14 verbose os Linux 6.6.87.2-microsoft-standard-WSL2
15 verbose node v24.1.0
16 verbose npm  v11.5.1
17 verbose exit 0
18 info ok
